2012/03/07 10:08:59 [error] [exception.CHttpException.404] exception 'CHttpException' with message 'Unable to resolve the request "favicon.ico".' in /home/fabrizio/Dropbox/Engisolution/framework/web/CWebApplication.php:280
Stack trace:
#0 /home/fabrizio/Dropbox/Engisolution/framework/web/CWebApplication.php(135): CWebApplication->runController('favicon.ico')
#1 /home/fabrizio/Dropbox/Engisolution/framework/base/CApplication.php(162): CWebApplication->processRequest()
#2 /home/fabrizio/Dropbox/Engisolution/DMS/index.php(13): CApplication->run()
#3 {main}
REQUEST_URI=/favicon.ico
---
2012/03/07 10:11:08 [error] [exception.CHttpException.404] exception 'CHttpException' with message 'Unable to resolve the request "favicon.ico".' in /home/fabrizio/Dropbox/Engisolution/framework/web/CWebApplication.php:280
Stack trace:
#0 /home/fabrizio/Dropbox/Engisolution/framework/web/CWebApplication.php(135): CWebApplication->runController('favicon.ico')
#1 /home/fabrizio/Dropbox/Engisolution/framework/base/CApplication.php(162): CWebApplication->processRequest()
#2 /home/fabrizio/Dropbox/Engisolution/DMS/index.php(13): CApplication->run()
#3 {main}
REQUEST_URI=/favicon.ico
---
2012/03/07 10:19:56 [error] [system.db.CDbCommand] CDbCommand::fetchAll() failed: SQLSTATE[42S22]: Column not found: 1054 Unknown column 'id' in 'field list'. The SQL statement executed was: SELECT id FROM roles_rights WHERE role_id = :role_id.
in /home/fabrizio/Dropbox/Engisolution/DMS/protected/models/Role.php (75)
in /home/fabrizio/Dropbox/Engisolution/DMS/protected/controllers/RoleController.php (38)
in /home/fabrizio/Dropbox/Engisolution/DMS/index.php (13)
2012/03/07 10:19:56 [error] [exception.CDbException] exception 'CDbException' with message 'CDbCommand ha riportato un errore nell'esecuzione della query SQL: SQLSTATE[42S22]: Column not found: 1054 Unknown column 'id' in 'field list'. The SQL statement executed was: SELECT id FROM roles_rights WHERE role_id = :role_id' in /home/fabrizio/Dropbox/Engisolution/framework/db/CDbCommand.php:528
Stack trace:
#0 /home/fabrizio/Dropbox/Engisolution/framework/db/CDbCommand.php(446): CDbCommand->queryInternal('fetchAll', 7, Array)
#1 /home/fabrizio/Dropbox/Engisolution/DMS/protected/models/Role.php(75): CDbCommand->queryColumn(Array)
#2 /home/fabrizio/Dropbox/Engisolution/DMS/protected/controllers/RoleController.php(38): Role->loadRightIds()
#3 /home/fabrizio/Dropbox/Engisolution/framework/web/actions/CInlineAction.php(50): RoleController->actionUpdate()
#4 /home/fabrizio/Dropbox/Engisolution/framework/web/CController.php(309): CInlineAction->runWithParams(Array)
#5 /home/fabrizio/Dropbox/Engisolution/framework/web/CController.php(287): CController->runAction(Object(CInlineAction))
#6 /home/fabrizio/Dropbox/Engisolution/framework/web/CController.php(266): CController->runActionWithFilters(Object(CInlineAction), Array)
#7 /home/fabrizio/Dropbox/Engisolution/framework/web/CWebApplication.php(276): CController->run('update')
#8 /home/fabrizio/Dropbox/Engisolution/framework/web/CWebApplication.php(135): CWebApplication->runController('role/update')
#9 /home/fabrizio/Dropbox/Engisolution/framework/base/CApplication.php(162): CWebApplication->processRequest()
#10 /home/fabrizio/Dropbox/Engisolution/DMS/index.php(13): CApplication->run()
#11 {main}
REQUEST_URI=/role/update/3?_=1331111996747
HTTP_REFERER=http://dms.comune1.fr.it/role
---
